<?xml version="1.0" encoding="UTF-8"?>
<!-- Generated by org.testng.reporters.JUnitReportReporter -->
<testsuite hostname="DESKTOP-K82IFAH" failures="0" tests="1" name="com.ninza.hrm.api.projecttest.EmpolyeeeTest" time="1.863" errors="0" timestamp="2024-07-24T15:31:02 IST" skipped="0">
  <testcase classname="com.ninza.hrm.api.projecttest.EmpolyeeeTest" name="addEmpolyeewithoutEmailTest" time="1.863"/>
  <system-out/>
</testsuite> <!-- com.ninza.hrm.api.projecttest.EmpolyeeeTest -->
