<?xml version="1.0" encoding="UTF-8"?>
<!-- Generated by org.testng.reporters.JUnitReportReporter -->
<testsuite hostname="DESKTOP-K82IFAH" failures="0" tests="2" name="com.ninza.hrm.apiUsingUtilities.projecttest.copy.EmpolyeeeTest" time="1.438" errors="0" timestamp="2024-07-31T12:04:07 IST" skipped="0">
  <testcase classname="com.ninza.hrm.apiUsingUtilities.projecttest.copy.EmpolyeeeTest" name="addEmpolyeewithoutEmailTest" time="0.220"/>
  <system-out/>
  <testcase classname="com.ninza.hrm.apiUsingUtilities.projecttest.copy.EmpolyeeeTest" name="addEmpolyeeTest" time="1.218"/>
  <system-out/>
</testsuite> <!-- com.ninza.hrm.apiUsingUtilities.projecttest.copy.EmpolyeeeTest -->
