<?xml version="1.0" encoding="UTF-8"?>
<!-- Generated by org.testng.reporters.JUnitReportReporter -->
<testsuite hostname="DESKTOP-K82IFAH" failures="0" tests="2" name="com.ninza.hrm.api.empolyeetest.ProjectTest" time="2.890" errors="0" timestamp="2024-07-24T15:05:24 IST" skipped="0">
  <testcase classname="com.ninza.hrm.api.empolyeetest.ProjectTest" name="CreateDuplicateProjectTest" time="0.026"/>
  <system-out/>
  <testcase classname="com.ninza.hrm.api.empolyeetest.ProjectTest" name="addSingleProjectWithCreateTest" time="2.864"/>
  <system-out/>
</testsuite> <!-- com.ninza.hrm.api.empolyeetest.ProjectTest -->
