<?xml version="1.0" encoding="UTF-8"?>
<!-- Generated by org.testng.reporters.JUnitReportReporter -->
<testsuite hostname="DESKTOP-K82IFAH" failures="0" tests="2" name="com.ninza.hrm.api.UsingUtilitiesempolyeetest.ProjectTest" time="3.945" errors="0" timestamp="2024-07-31T12:04:07 IST" skipped="0">
  <testcase classname="com.ninza.hrm.api.UsingUtilitiesempolyeetest.ProjectTest" name="CreateDuplicateProjectTest" time="0.069"/>
  <system-out/>
  <testcase classname="com.ninza.hrm.api.UsingUtilitiesempolyeetest.ProjectTest" name="addSingleProjectWithCreateTest" time="3.876"/>
  <system-out/>
</testsuite> <!-- com.ninza.hrm.api.UsingUtilitiesempolyeetest.ProjectTest -->
